<?xml version="1.0" encoding="UTF-8"?>
<testsuite name="com.acornworks.projectset.controllers.StrategyControllerTests" tests="1" skipped="0" failures="0" errors="0" timestamp="2024-01-01T11:47:17" hostname="JeongSuks-MacBook-Pro.local" time="0.183">
  <properties/>
  <testcase name="testGetAnalysis()" classname="com.acornworks.projectset.controllers.StrategyControllerTests" time="0.183"/>
  <system-out><![CDATA[2024-01-01 22:47:17.504  INFO 26322 --- [    Test worker] .b.t.a.w.s.WebMvcTestContextBootstrapper : Neither @ContextConfiguration nor @ContextHierarchy found for test class [com.acornworks.projectset.controllers.StrategyControllerTests], using SpringBootContextLoader
2024-01-01 22:47:17.505  INFO 26322 --- [    Test worker] o.s.t.c.support.AbstractContextLoader    : Could not detect default resource locations for test class [com.acornworks.projectset.controllers.StrategyControllerTests]: no resource found for suffixes {-context.xml, Context.groovy}.
2024-01-01 22:47:17.505  INFO 26322 --- [    Test worker] t.c.s.AnnotationConfigContextLoaderUtils : Could not detect default configuration classes for test class [com.acornworks.projectset.controllers.StrategyControllerTests]: StrategyControllerTests does not declare any static, non-private, non-final, nested classes annotated with @Configuration.
2024-01-01 22:47:17.513  INFO 26322 --- [    Test worker] .b.t.c.SpringBootTestContextBootstrapper : Found @SpringBootConfiguration com.acornworks.projectset.ProjectsetApplication for test class com.acornworks.projectset.controllers.StrategyControllerTests
2024-01-01 22:47:17.514  INFO 26322 --- [    Test worker] .b.t.a.w.s.WebMvcTestContextBootstrapper : Loaded default TestExecutionListener class names from location [META-INF/spring.factories]: [org.springframework.boot.test.autoconfigure.restdocs.RestDocsTestExecutionListener, org.springframework.boot.test.autoconfigure.web.client.MockRestServiceServerResetTestExecutionListener, org.springframework.boot.test.autoconfigure.web.servlet.MockMvcPrintOnlyOnFailureTestExecutionListener, org.springframework.boot.test.autoconfigure.web.servlet.WebDriverTestExecutionListener, org.springframework.boot.test.autoconfigure.webservices.client.MockWebServiceServerTestExecutionListener, org.springframework.boot.test.mock.mockito.MockitoTestExecutionListener, org.springframework.boot.test.mock.mockito.ResetMocksTestExecutionListener, org.springframework.test.context.web.ServletTestExecutionListener, org.springframework.test.context.support.DirtiesContextBeforeModesTestExecutionListener, org.springframework.test.context.event.ApplicationEventsTestExecutionListener, org.springframework.test.context.support.DependencyInjectionTestExecutionListener, org.springframework.test.context.support.DirtiesContextTestExecutionListener, org.springframework.test.context.transaction.TransactionalTestExecutionListener, org.springframework.test.context.jdbc.SqlScriptsTestExecutionListener, org.springframework.test.context.event.EventPublishingTestExecutionListener]
2024-01-01 22:47:17.514  INFO 26322 --- [    Test worker] .b.t.a.w.s.WebMvcTestContextBootstrapper : Using TestExecutionListeners: [org.springframework.test.context.web.ServletTestExecutionListener@1b5e0d5c, org.springframework.test.context.support.DirtiesContextBeforeModesTestExecutionListener@2e2cb8e5, org.springframework.test.context.event.ApplicationEventsTestExecutionListener@2a81c550, org.springframework.boot.test.mock.mockito.MockitoTestExecutionListener@186fbbd3, org.springframework.boot.test.autoconfigure.SpringBootDependencyInjectionTestExecutionListener@73b0716f, org.springframework.test.context.support.DirtiesContextTestExecutionListener@3810046c, org.springframework.test.context.transaction.TransactionalTestExecutionListener@1c9fed7b, org.springframework.test.context.jdbc.SqlScriptsTestExecutionListener@79cb7c18, org.springframework.test.context.event.EventPublishingTestExecutionListener@9005147, org.springframework.boot.test.autoconfigure.restdocs.RestDocsTestExecutionListener@318b076f, org.springframework.boot.test.autoconfigure.web.client.MockRestServiceServerResetTestExecutionListener@529cd010, org.springframework.boot.test.autoconfigure.web.servlet.MockMvcPrintOnlyOnFailureTestExecutionListener@70154de7, org.springframework.boot.test.autoconfigure.web.servlet.WebDriverTestExecutionListener@7b94b0cb, org.springframework.boot.test.autoconfigure.webservices.client.MockWebServiceServerTestExecutionListener@12cd60a9, org.springframework.boot.test.mock.mockito.ResetMocksTestExecutionListener@26652eb0]

  .   ____          _            __ _ _
 /\\ / ___'_ __ _ _(_)_ __  __ _ \ \ \ \
( ( )\___ | '_ | '_| | '_ \/ _` | \ \ \ \
 \\/  ___)| |_)| | | | | || (_| |  ) ) ) )
  '  |____| .__|_| |_|_| |_\__, | / / / /
 =========|_|==============|___/=/_/_/_/
 :: Spring Boot ::                (v2.7.5)

2024-01-01 22:47:17.545  INFO 26322 --- [    Test worker] c.a.p.c.StrategyControllerTests          : Starting StrategyControllerTests using Java 11.0.8 on JeongSuks-MacBook-Pro.local with PID 26322 (started by k830206 in /Users/k830206/Documents/GitHub/projectset-monolith-cd)
2024-01-01 22:47:17.546  INFO 26322 --- [    Test worker] c.a.p.c.StrategyControllerTests          : No active profile set, falling back to 1 default profile: "default"
2024-01-01 22:47:17.909  INFO 26322 --- [    Test worker] o.s.b.t.m.w.SpringBootMockServletContext : Initializing Spring TestDispatcherServlet ''
2024-01-01 22:47:17.909  INFO 26322 --- [    Test worker] o.s.t.web.servlet.TestDispatcherServlet  : Initializing Servlet ''
2024-01-01 22:47:17.910  INFO 26322 --- [    Test worker] o.s.t.web.servlet.TestDispatcherServlet  : Completed initialization in 0 ms
2024-01-01 22:47:17.922  INFO 26322 --- [    Test worker] c.a.p.c.StrategyControllerTests          : Started StrategyControllerTests in 0.404 seconds (JVM running for 6.342)
]]></system-out>
  <system-err><![CDATA[]]></system-err>
</testsuite>
