<?xml version="1.0" encoding="UTF-8"?>
<testsuite name="com.acornworks.projectset.controllers.PriceControllerTests" tests="2" skipped="0" failures="0" errors="0" timestamp="2024-01-01T11:47:17" hostname="JeongSuks-MacBook-Pro.local" time="0.356">
  <properties/>
  <testcase name="testGetPrice()" classname="com.acornworks.projectset.controllers.PriceControllerTests" time="0.264"/>
  <testcase name="testGetHistoricalPrices()" classname="com.acornworks.projectset.controllers.PriceControllerTests" time="0.09"/>
  <system-out><![CDATA[22:47:13.295 [Test worker] DEBUG org.springframework.test.context.BootstrapUtils - Instantiating CacheAwareContextLoaderDelegate from class [org.springframework.test.context.cache.DefaultCacheAwareContextLoaderDelegate]
22:47:13.322 [Test worker] DEBUG org.springframework.test.context.BootstrapUtils - Instantiating BootstrapContext using constructor [public org.springframework.test.context.support.DefaultBootstrapContext(java.lang.Class,org.springframework.test.context.CacheAwareContextLoaderDelegate)]
22:47:13.405 [Test worker] DEBUG org.springframework.test.context.BootstrapUtils - Instantiating TestContextBootstrapper for test class [com.acornworks.projectset.controllers.PriceControllerTests] from class [org.springframework.boot.test.autoconfigure.web.servlet.WebMvcTestContextBootstrapper]
22:47:13.428 [Test worker] INFO org.springframework.boot.test.autoconfigure.web.servlet.WebMvcTestContextBootstrapper - Neither @ContextConfiguration nor @ContextHierarchy found for test class [com.acornworks.projectset.controllers.PriceControllerTests], using SpringBootContextLoader
22:47:13.437 [Test worker] DEBUG org.springframework.test.context.support.AbstractContextLoader - Did not detect default resource location for test class [com.acornworks.projectset.controllers.PriceControllerTests]: class path resource [com/acornworks/projectset/controllers/PriceControllerTests-context.xml] does not exist
22:47:13.438 [Test worker] DEBUG org.springframework.test.context.support.AbstractContextLoader - Did not detect default resource location for test class [com.acornworks.projectset.controllers.PriceControllerTests]: class path resource [com/acornworks/projectset/controllers/PriceControllerTestsContext.groovy] does not exist
22:47:13.438 [Test worker] INFO org.springframework.test.context.support.AbstractContextLoader - Could not detect default resource locations for test class [com.acornworks.projectset.controllers.PriceControllerTests]: no resource found for suffixes {-context.xml, Context.groovy}.
22:47:13.440 [Test worker] INFO org.springframework.test.context.support.AnnotationConfigContextLoaderUtils - Could not detect default configuration classes for test class [com.acornworks.projectset.controllers.PriceControllerTests]: PriceControllerTests does not declare any static, non-private, non-final, nested classes annotated with @Configuration.
22:47:13.586 [Test worker] DEBUG org.springframework.test.context.support.ActiveProfilesUtils - Could not find an 'annotation declaring class' for annotation type [org.springframework.test.context.ActiveProfiles] and class [com.acornworks.projectset.controllers.PriceControllerTests]
22:47:13.686 [Test worker] DEBUG org.springframework.context.annotation.ClassPathScanningCandidateComponentProvider - Identified candidate component class: file [/Users/k830206/Documents/GitHub/projectset-monolith-cd/build/classes/java/main/com/acornworks/projectset/ProjectsetApplication.class]
22:47:13.687 [Test worker] INFO org.springframework.boot.test.context.SpringBootTestContextBootstrapper - Found @SpringBootConfiguration com.acornworks.projectset.ProjectsetApplication for test class com.acornworks.projectset.controllers.PriceControllerTests
22:47:13.692 [Test worker] DEBUG org.springframework.boot.test.autoconfigure.web.servlet.WebMvcTestContextBootstrapper - @TestExecutionListeners is not present for class [com.acornworks.projectset.controllers.PriceControllerTests]: using defaults.
22:47:13.693 [Test worker] INFO org.springframework.boot.test.autoconfigure.web.servlet.WebMvcTestContextBootstrapper - Loaded default TestExecutionListener class names from location [META-INF/spring.factories]: [org.springframework.boot.test.autoconfigure.restdocs.RestDocsTestExecutionListener, org.springframework.boot.test.autoconfigure.web.client.MockRestServiceServerResetTestExecutionListener, org.springframework.boot.test.autoconfigure.web.servlet.MockMvcPrintOnlyOnFailureTestExecutionListener, org.springframework.boot.test.autoconfigure.web.servlet.WebDriverTestExecutionListener, org.springframework.boot.test.autoconfigure.webservices.client.MockWebServiceServerTestExecutionListener, org.springframework.boot.test.mock.mockito.MockitoTestExecutionListener, org.springframework.boot.test.mock.mockito.ResetMocksTestExecutionListener, org.springframework.test.context.web.ServletTestExecutionListener, org.springframework.test.context.support.DirtiesContextBeforeModesTestExecutionListener, org.springframework.test.context.event.ApplicationEventsTestExecutionListener, org.springframework.test.context.support.DependencyInjectionTestExecutionListener, org.springframework.test.context.support.DirtiesContextTestExecutionListener, org.springframework.test.context.transaction.TransactionalTestExecutionListener, org.springframework.test.context.jdbc.SqlScriptsTestExecutionListener, org.springframework.test.context.event.EventPublishingTestExecutionListener]
22:47:13.725 [Test worker] INFO org.springframework.boot.test.autoconfigure.web.servlet.WebMvcTestContextBootstrapper - Using TestExecutionListeners: [org.springframework.test.context.web.ServletTestExecutionListener@423762ae, org.springframework.test.context.support.DirtiesContextBeforeModesTestExecutionListener@7b58d678, org.springframework.test.context.event.ApplicationEventsTestExecutionListener@535a6697, org.springframework.boot.test.mock.mockito.MockitoTestExecutionListener@641bc9a8, org.springframework.boot.test.autoconfigure.SpringBootDependencyInjectionTestExecutionListener@1d40f597, org.springframework.test.context.support.DirtiesContextTestExecutionListener@20960b51, org.springframework.test.context.transaction.TransactionalTestExecutionListener@2078bf0a, org.springframework.test.context.jdbc.SqlScriptsTestExecutionListener@1a947424, org.springframework.test.context.event.EventPublishingTestExecutionListener@62d6ac, org.springframework.boot.test.autoconfigure.restdocs.RestDocsTestExecutionListener@103e9972, org.springframework.boot.test.autoconfigure.web.client.MockRestServiceServerResetTestExecutionListener@75dbe490, org.springframework.boot.test.autoconfigure.web.servlet.MockMvcPrintOnlyOnFailureTestExecutionListener@4c579b5b, org.springframework.boot.test.autoconfigure.web.servlet.WebDriverTestExecutionListener@5a96f3cb, org.springframework.boot.test.autoconfigure.webservices.client.MockWebServiceServerTestExecutionListener@3e0704e2, org.springframework.boot.test.mock.mockito.ResetMocksTestExecutionListener@14d298d6]
22:47:13.731 [Test worker] DEBUG org.springframework.test.context.support.AbstractDirtiesContextTestExecutionListener - Before test class: context [DefaultTestContext@3791af testClass = PriceControllerTests, testInstance = [null], testMethod = [null], testException = [null], mergedContextConfiguration = [WebMergedContextConfiguration@66fff42f testClass = PriceControllerTests, locations = '{}', classes = '{class com.acornworks.projectset.ProjectsetApplication}', contextInitializerClasses = '[]', activeProfiles = '{}', propertySourceLocations = '{}', propertySourceProperties = '{org.springframework.boot.test.autoconfigure.web.servlet.WebMvcTestContextBootstrapper=true}', contextCustomizers = set[org.springframework.boot.test.autoconfigure.OverrideAutoConfigurationContextCustomizerFactory$DisableAutoConfigurationContextCustomizer@7c5c20ed, org.springframework.boot.test.autoconfigure.actuate.metrics.MetricsExportContextCustomizerFactory$DisableMetricExportContextCustomizer@7e31d53b, org.springframework.boot.test.autoconfigure.filter.TypeExcludeFiltersContextCustomizer@c58fbce1, org.springframework.boot.test.autoconfigure.properties.PropertyMappingContextCustomizer@1929b77f, org.springframework.boot.test.autoconfigure.web.servlet.WebDriverContextCustomizerFactory$Customizer@6df2a206, [ImportsContextCustomizer@308be1a3 key = [org.springframework.boot.autoconfigure.cache.CacheAutoConfiguration, org.springframework.boot.autoconfigure.context.MessageSourceAutoConfiguration, org.springframework.boot.autoconfigure.data.web.SpringDataWebAutoConfiguration, org.springframework.boot.autoconfigure.freemarker.FreeMarkerAutoConfiguration, org.springframework.boot.autoconfigure.groovy.template.GroovyTemplateAutoConfiguration, org.springframework.boot.autoconfigure.gson.GsonAutoConfiguration, org.springframework.boot.autoconfigure.hateoas.HypermediaAutoConfiguration, org.springframework.boot.autoconfigure.http.HttpMessageConvertersAutoConfiguration, org.springframework.boot.autoconfigure.jackson.JacksonAutoConfiguration, org.springframework.boot.autoconfigure.jsonb.JsonbAutoConfiguration, org.springframework.boot.autoconfigure.mustache.MustacheAutoConfiguration, org.springframework.boot.autoconfigure.task.TaskExecutionAutoConfiguration, org.springframework.boot.autoconfigure.thymeleaf.ThymeleafAutoConfiguration, org.springframework.boot.autoconfigure.validation.ValidationAutoConfiguration, org.springframework.boot.autoconfigure.web.servlet.error.ErrorMvcAutoConfiguration, org.springframework.boot.autoconfigure.web.servlet.HttpEncodingAutoConfiguration, org.springframework.boot.autoconfigure.web.servlet.WebMvcAutoConfiguration, org.springframework.boot.test.autoconfigure.web.servlet.MockMvcAutoConfiguration, org.springframework.boot.test.autoconfigure.web.servlet.MockMvcWebClientAutoConfiguration, org.springframework.boot.test.autoconfigure.web.servlet.MockMvcWebDriverAutoConfiguration, org.springframework.boot.autoconfigure.security.oauth2.client.servlet.OAuth2ClientAutoConfiguration, org.springframework.boot.autoconfigure.security.oauth2.resource.servlet.OAuth2ResourceServerAutoConfiguration, org.springframework.boot.autoconfigure.security.servlet.SecurityAutoConfiguration, org.springframework.boot.autoconfigure.security.servlet.SecurityFilterAutoConfiguration, org.springframework.boot.autoconfigure.security.servlet.UserDetailsServiceAutoConfiguration, org.springframework.boot.test.autoconfigure.web.servlet.MockMvcSecurityConfiguration, org.springframework.boot.test.autoconfigure.web.reactive.WebTestClientAutoConfiguration]], org.springframework.boot.test.context.filter.ExcludeFilterContextCustomizer@51813065, org.springframework.boot.test.json.DuplicateJsonObjectContextCustomizerFactory$DuplicateJsonObjectContextCustomizer@1c8f71a7, org.springframework.boot.test.mock.mockito.MockitoContextCustomizer@d05597e6, org.springframework.boot.test.context.SpringBootTestArgs@1, org.springframework.boot.test.context.SpringBootTestWebEnvironment@0], resourceBasePath = 'src/main/webapp', contextLoader = 'org.springframework.boot.test.context.SpringBootContextLoader', parent = [null]], attributes = map[[empty]]], class annotated with @DirtiesContext [false] with mode [null].

  .   ____          _            __ _ _
 /\\ / ___'_ __ _ _(_)_ __  __ _ \ \ \ \
( ( )\___ | '_ | '_| | '_ \/ _` | \ \ \ \
 \\/  ___)| |_)| | | | | || (_| |  ) ) ) )
  '  |____| .__|_| |_|_| |_\__, | / / / /
 =========|_|==============|___/=/_/_/_/
 :: Spring Boot ::                (v2.7.5)

2024-01-01 22:47:14.808  INFO 26322 --- [    Test worker] c.a.p.controllers.PriceControllerTests   : Starting PriceControllerTests using Java 11.0.8 on JeongSuks-MacBook-Pro.local with PID 26322 (started by k830206 in /Users/k830206/Documents/GitHub/projectset-monolith-cd)
2024-01-01 22:47:14.810  INFO 26322 --- [    Test worker] c.a.p.controllers.PriceControllerTests   : No active profile set, falling back to 1 default profile: "default"
2024-01-01 22:47:17.090  INFO 26322 --- [    Test worker] o.s.b.t.m.w.SpringBootMockServletContext : Initializing Spring TestDispatcherServlet ''
2024-01-01 22:47:17.091  INFO 26322 --- [    Test worker] o.s.t.web.servlet.TestDispatcherServlet  : Initializing Servlet ''
2024-01-01 22:47:17.092  INFO 26322 --- [    Test worker] o.s.t.web.servlet.TestDispatcherServlet  : Completed initialization in 1 ms
2024-01-01 22:47:17.130  INFO 26322 --- [    Test worker] c.a.p.controllers.PriceControllerTests   : Started PriceControllerTests in 2.982 seconds (JVM running for 5.551)
]]></system-out>
  <system-err><![CDATA[]]></system-err>
</testsuite>
