<?xml version="1.0" encoding="UTF-8"?>
<testsuite name="com.acornworks.projectset.processors.HistoricalDataProcessorTests" tests="2" skipped="0" failures="0" errors="0" timestamp="2024-01-01T11:47:18" hostname="JeongSuks-MacBook-Pro.local" time="0.248">
  <properties/>
  <testcase name="testGetPrice()" classname="com.acornworks.projectset.processors.HistoricalDataProcessorTests" time="0.242"/>
  <testcase name="testGetHistoricalPrice()" classname="com.acornworks.projectset.processors.HistoricalDataProcessorTests" time="0.005"/>
  <system-out><![CDATA[2024-01-01 22:47:18.840  INFO 26322 --- [    Test worker] c.a.p.p.HistoricalDataProcessor          : Get price from Yahoo for AUDKRW=X
2024-01-01 22:47:18.842  INFO 26322 --- [    Test worker] c.a.p.p.HistoricalDataProcessor          : Calling URL: https://localhost:60081/AUDKRW=X
2024-01-01 22:47:18.850  INFO 26322 --- [    Test worker] c.a.p.p.HistoricalDataProcessor          : Get historical prices for an year for AAPL
2024-01-01 22:47:18.851  INFO 26322 --- [    Test worker] c.a.p.p.HistoricalDataProcessor          : Calling URL: https://localhost:60081/AAPL/1672573638/1704109638
]]></system-out>
  <system-err><![CDATA[]]></system-err>
</testsuite>
