<?xml version="1.0" encoding="UTF-8"?>
<testsuite name="com.acornworks.projectset.controllers.TickerControllerTests" tests="3" skipped="0" failures="0" errors="0" timestamp="2024-01-01T11:47:18" hostname="JeongSuks-MacBook-Pro.local" time="0.049">
  <properties/>
  <testcase name="testGetTickerList()" classname="com.acornworks.projectset.controllers.TickerControllerTests" time="0.015"/>
  <testcase name="testRemoveTicker()" classname="com.acornworks.projectset.controllers.TickerControllerTests" time="0.02"/>
  <testcase name="testAddTicker()" classname="com.acornworks.projectset.controllers.TickerControllerTests" time="0.011"/>
  <system-out><![CDATA[2024-01-01 22:47:18.112  INFO 26322 --- [    Test worker] .b.t.a.w.s.WebMvcTestContextBootstrapper : Neither @ContextConfiguration nor @ContextHierarchy found for test class [com.acornworks.projectset.controllers.TickerControllerTests], using SpringBootContextLoader
2024-01-01 22:47:18.113  INFO 26322 --- [    Test worker] o.s.t.c.support.AbstractContextLoader    : Could not detect default resource locations for test class [com.acornworks.projectset.controllers.TickerControllerTests]: no resource found for suffixes {-context.xml, Context.groovy}.
2024-01-01 22:47:18.113  INFO 26322 --- [    Test worker] t.c.s.AnnotationConfigContextLoaderUtils : Could not detect default configuration classes for test class [com.acornworks.projectset.controllers.TickerControllerTests]: TickerControllerTests does not declare any static, non-private, non-final, nested classes annotated with @Configuration.
2024-01-01 22:47:18.118  INFO 26322 --- [    Test worker] .b.t.c.SpringBootTestContextBootstrapper : Found @SpringBootConfiguration com.acornworks.projectset.ProjectsetApplication for test class com.acornworks.projectset.controllers.TickerControllerTests
2024-01-01 22:47:18.120  INFO 26322 --- [    Test worker] .b.t.a.w.s.WebMvcTestContextBootstrapper : Loaded default TestExecutionListener class names from location [META-INF/spring.factories]: [org.springframework.boot.test.autoconfigure.restdocs.RestDocsTestExecutionListener, org.springframework.boot.test.autoconfigure.web.client.MockRestServiceServerResetTestExecutionListener, org.springframework.boot.test.autoconfigure.web.servlet.MockMvcPrintOnlyOnFailureTestExecutionListener, org.springframework.boot.test.autoconfigure.web.servlet.WebDriverTestExecutionListener, org.springframework.boot.test.autoconfigure.webservices.client.MockWebServiceServerTestExecutionListener, org.springframework.boot.test.mock.mockito.MockitoTestExecutionListener, org.springframework.boot.test.mock.mockito.ResetMocksTestExecutionListener, org.springframework.test.context.web.ServletTestExecutionListener, org.springframework.test.context.support.DirtiesContextBeforeModesTestExecutionListener, org.springframework.test.context.event.ApplicationEventsTestExecutionListener, org.springframework.test.context.support.DependencyInjectionTestExecutionListener, org.springframework.test.context.support.DirtiesContextTestExecutionListener, org.springframework.test.context.transaction.TransactionalTestExecutionListener, org.springframework.test.context.jdbc.SqlScriptsTestExecutionListener, org.springframework.test.context.event.EventPublishingTestExecutionListener]
2024-01-01 22:47:18.120  INFO 26322 --- [    Test worker] .b.t.a.w.s.WebMvcTestContextBootstrapper : Using TestExecutionListeners: [org.springframework.test.context.web.ServletTestExecutionListener@1646ffd9, org.springframework.test.context.support.DirtiesContextBeforeModesTestExecutionListener@7a294c74, org.springframework.test.context.event.ApplicationEventsTestExecutionListener@44c37ea, org.springframework.boot.test.mock.mockito.MockitoTestExecutionListener@151ff368, org.springframework.boot.test.autoconfigure.SpringBootDependencyInjectionTestExecutionListener@34067e25, org.springframework.test.context.support.DirtiesContextTestExecutionListener@4fcce3d, org.springframework.test.context.transaction.TransactionalTestExecutionListener@61ea5a2f, org.springframework.test.context.jdbc.SqlScriptsTestExecutionListener@b8471c9, org.springframework.test.context.event.EventPublishingTestExecutionListener@cf4d1ca, org.springframework.boot.test.autoconfigure.restdocs.RestDocsTestExecutionListener@6e9b6b4f, org.springframework.boot.test.autoconfigure.web.client.MockRestServiceServerResetTestExecutionListener@5d137f91, org.springframework.boot.test.autoconfigure.web.servlet.MockMvcPrintOnlyOnFailureTestExecutionListener@753157c3, org.springframework.boot.test.autoconfigure.web.servlet.WebDriverTestExecutionListener@5f61b22e, org.springframework.boot.test.autoconfigure.webservices.client.MockWebServiceServerTestExecutionListener@6a157b9e, org.springframework.boot.test.mock.mockito.ResetMocksTestExecutionListener@2cbc6eba]

  .   ____          _            __ _ _
 /\\ / ___'_ __ _ _(_)_ __  __ _ \ \ \ \
( ( )\___ | '_ | '_| | '_ \/ _` | \ \ \ \
 \\/  ___)| |_)| | | | | || (_| |  ) ) ) )
  '  |____| .__|_| |_|_| |_\__, | / / / /
 =========|_|==============|___/=/_/_/_/
 :: Spring Boot ::                (v2.7.5)

2024-01-01 22:47:18.145  INFO 26322 --- [    Test worker] c.a.p.controllers.TickerControllerTests  : Starting TickerControllerTests using Java 11.0.8 on JeongSuks-MacBook-Pro.local with PID 26322 (started by k830206 in /Users/k830206/Documents/GitHub/projectset-monolith-cd)
2024-01-01 22:47:18.146  INFO 26322 --- [    Test worker] c.a.p.controllers.TickerControllerTests  : No active profile set, falling back to 1 default profile: "default"
2024-01-01 22:47:18.536  INFO 26322 --- [    Test worker] o.s.b.t.m.w.SpringBootMockServletContext : Initializing Spring TestDispatcherServlet ''
2024-01-01 22:47:18.536  INFO 26322 --- [    Test worker] o.s.t.web.servlet.TestDispatcherServlet  : Initializing Servlet ''
2024-01-01 22:47:18.537  INFO 26322 --- [    Test worker] o.s.t.web.servlet.TestDispatcherServlet  : Completed initialization in 1 ms
2024-01-01 22:47:18.548  INFO 26322 --- [    Test worker] c.a.p.controllers.TickerControllerTests  : Started TickerControllerTests in 0.425 seconds (JVM running for 6.969)
]]></system-out>
  <system-err><![CDATA[]]></system-err>
</testsuite>
