<?xml version="1.0" encoding="UTF-8"?>
<testsuite name="com.acornworks.projectset.processors.StrategyProcessorTests" tests="2" skipped="0" failures="0" errors="0" timestamp="2024-01-01T11:47:18" hostname="JeongSuks-MacBook-Pro.local" time="0.13">
  <properties/>
  <testcase name="testGetBarSeriesFromStockData()" classname="com.acornworks.projectset.processors.StrategyProcessorTests" time="0.013"/>
  <testcase name="testGetAnalysisResult()" classname="com.acornworks.projectset.processors.StrategyProcessorTests" time="0.116"/>
  <system-out><![CDATA[]]></system-out>
  <system-err><![CDATA[]]></system-err>
</testsuite>
